<?xml version="1.0" encoding="UTF-8"?>
<!-- Generated by org.testng.reporters.JUnitReportReporter -->
<testsuite hostname="wuranghao" name="com.wrh.test.TestDataProvider" tests="2" failures="0" timestamp="12 Aug 2016 14:43:13 GMT" time="0.014" errors="0">
  <testcase name="testDataProvider" time="0.002" classname="com.wrh.test.TestDataProvider"/>
  <testcase name="testDataProvider" time="0.012" classname="com.wrh.test.TestDataProvider"/>
</testsuite> <!-- com.wrh.test.TestDataProvider -->
