<?xml version="1.0" encoding="UTF-8"?>
<!-- Generated by org.testng.reporters.JUnitReportReporter -->
<testsuite hostname="wuranghao" name="com.wrh.test.TestGroup" tests="2" failures="0" timestamp="12 Aug 2016 14:17:46 GMT" time="0.019" errors="0">
  <testcase name="testSignUp" time="0.002" classname="com.wrh.test.TestGroup"/>
  <testcase name="testLogin" time="0.017" classname="com.wrh.test.TestGroup"/>
</testsuite> <!-- com.wrh.test.TestGroup -->
