<?xml version="1.0" encoding="UTF-8"?>
<!-- Generated by org.testng.reporters.JUnitReportReporter -->
<testsuite hostname="wuranghao" name="com.wrh.test.NewTest" tests="2" failures="0" timestamp="12 Aug 2016 13:53:51 GMT" time="0.009" errors="0">
  <testcase name="testNGLearn2" time="0.002" classname="com.wrh.test.NewTest"/>
  <testcase name="testNGLearn" time="0.007" classname="com.wrh.test.NewTest"/>
</testsuite> <!-- com.wrh.test.NewTest -->
