<?xml version="1.0" encoding="UTF-8"?>
<!-- Generated by org.testng.reporters.JUnitReportReporter -->
<testsuite hostname="wuranghao" name="com.wrh.test.NewTest2" tests="3" failures="0" timestamp="12 Aug 2016 13:50:15 GMT" time="0.010" errors="0">
  <testcase name="testNGLearn3" time="0.003" classname="com.wrh.test.NewTest2"/>
  <testcase name="testNGLearn" time="0.000" classname="com.wrh.test.NewTest2"/>
  <testcase name="testNGLearn2" time="0.007" classname="com.wrh.test.NewTest2"/>
</testsuite> <!-- com.wrh.test.NewTest2 -->
