<?xml version="1.0" encoding="UTF-8"?>
<!-- Generated by org.testng.reporters.JUnitReportReporter -->
<testsuite hostname="wuranghao" name="com.wrh.test.TestParameter" tests="2" failures="0" timestamp="12 Aug 2016 14:46:08 GMT" time="0.018" errors="0">
  <testcase name="testParameter" time="0.017" classname="com.wrh.test.TestParameter"/>
  <testcase name="testParameter2" time="0.001" classname="com.wrh.test.TestParameter"/>
</testsuite> <!-- com.wrh.test.TestParameter -->
