<?xml version="1.0" encoding="UTF-8"?>
<!-- Generated by org.testng.reporters.JUnitReportReporter -->
<testsuite hostname="wuranghao" name="com.wrh.test.TestNGIgnore" tests="1" failures="0" timestamp="13 Aug 2016 04:21:49 GMT" time="0.014" errors="0">
  <testcase name="test" time="0.014" classname="com.wrh.test.TestNGIgnore"/>
</testsuite> <!-- com.wrh.test.TestNGIgnore -->
