<?xml version="1.0" encoding="UTF-8"?>
<!-- Generated by org.testng.reporters.JUnitReportReporter -->
<testsuite hostname="wuranghao" name="com.wrh.test.TestDepends" tests="2" failures="0" timestamp="13 Aug 2016 04:27:39 GMT" time="0.018" errors="0">
  <testcase name="f" time="0.002" classname="com.wrh.test.TestDepends"/>
  <testcase name="other" time="0.016" classname="com.wrh.test.TestDepends"/>
</testsuite> <!-- com.wrh.test.TestDepends -->
