<?xml version="1.0" encoding="UTF-8"?>
<!-- Generated by org.testng.reporters.JUnitReportReporter -->
<testsuite hostname="wuranghao" name="com.wrh.test.TestException" tests="1" failures="0" timestamp="12 Aug 2016 13:58:23 GMT" time="0.013" errors="0">
  <testcase name="testExcepiton" time="0.013" classname="com.wrh.test.TestException"/>
</testsuite> <!-- com.wrh.test.TestException -->
